2022/08/25 14:32:54 server.go:52: result: Invalid Password
2022/08/25 14:33:18 server.go:3159: http: panic serving 127.0.0.1:58432: interface conversion: error is nil, not validator.ValidationErrors
goroutine 26 [running]:
net/http.(*conn).serve.func1(0x14000142fa0)
	/opt/homebrew/Cellar/go/1.17.3/libexec/src/net/http/server.go:1801 +0xdc
panic({0x1053c62a0, 0x14000399aa0})
	/opt/homebrew/Cellar/go/1.17.3/libexec/src/runtime/panic.go:1052 +0x2ac
go-rest-api/models.UserSignupVaridation.SignupVaridator({{0x14000092a98, 0x4}, {0x14000092a9c, 0x4}, {0x14000092aa0, 0xe}, {0x14000092ab0, 0xb}})
	/Users/sho/Coding/go/src/go-rest-api/models/auth.go:21 +0x318
go-rest-api/controllers.signupFunc({0x10541cdc0, 0x140001b40e0}, 0x14000510300)
	/Users/sho/Coding/go/src/go-rest-api/controllers/server.go:47 +0x200
net/http.HandlerFunc.ServeHTTP(0x1054123b8, {0x10541cdc0, 0x140001b40e0}, 0x14000510300)
	/opt/homebrew/Cellar/go/1.17.3/libexec/src/net/http/server.go:2046 +0x40
github.com/gorilla/mux.(*Router).ServeHTTP(0x14000146000, {0x10541cdc0, 0x140001b40e0}, 0x14000510100)
	/Users/sho/go/pkg/mod/github.com/gorilla/mux@v1.8.0/mux.go:210 +0x1e4
net/http.serverHandler.ServeHTTP({0x140001b4000}, {0x10541cdc0, 0x140001b40e0}, 0x14000510100)
	/opt/homebrew/Cellar/go/1.17.3/libexec/src/net/http/server.go:2878 +0x444
net/http.(*conn).serve(0x14000142fa0, {0x10541efa0, 0x14000398ae0})
	/opt/homebrew/Cellar/go/1.17.3/libexec/src/net/http/server.go:1929 +0xb6c
created by net/http.(*Server).Serve
	/opt/homebrew/Cellar/go/1.17.3/libexec/src/net/http/server.go:3033 +0x4b8
2022/08/25 14:34:15 server.go:3159: http: panic serving 127.0.0.1:58457: interface conversion: error is nil, not validator.ValidationErrors
goroutine 26 [running]:
net/http.(*conn).serve.func1(0x140000c2fa0)
	/opt/homebrew/Cellar/go/1.17.3/libexec/src/net/http/server.go:1801 +0xdc
panic({0x1009e6280, 0x1400009c8d0})
	/opt/homebrew/Cellar/go/1.17.3/libexec/src/runtime/panic.go:1052 +0x2ac
go-rest-api/models.UserSignupVaridation.SignupVaridator({{0x1400042f0f8, 0x4}, {0x1400042f0fc, 0x4}, {0x1400042f100, 0xe}, {0x1400042f110, 0xc}})
	/Users/sho/Coding/go/src/go-rest-api/models/auth.go:21 +0x318
go-rest-api/controllers.signupFunc({0x100a3cda0, 0x140000b00e0}, 0x14000496300)
	/Users/sho/Coding/go/src/go-rest-api/controllers/server.go:47 +0x200
net/http.HandlerFunc.ServeHTTP(0x100a32398, {0x100a3cda0, 0x140000b00e0}, 0x14000496300)
	/opt/homebrew/Cellar/go/1.17.3/libexec/src/net/http/server.go:2046 +0x40
github.com/gorilla/mux.(*Router).ServeHTTP(0x140000a0000, {0x100a3cda0, 0x140000b00e0}, 0x14000496100)
	/Users/sho/go/pkg/mod/github.com/gorilla/mux@v1.8.0/mux.go:210 +0x1e4
net/http.serverHandler.ServeHTTP({0x140000b0000}, {0x100a3cda0, 0x140000b00e0}, 0x14000496100)
	/opt/homebrew/Cellar/go/1.17.3/libexec/src/net/http/server.go:2878 +0x444
net/http.(*conn).serve(0x140000c2fa0, {0x100a3ef80, 0x14000437a70})
	/opt/homebrew/Cellar/go/1.17.3/libexec/src/net/http/server.go:1929 +0xb6c
created by net/http.(*Server).Serve
	/opt/homebrew/Cellar/go/1.17.3/libexec/src/net/http/server.go:3033 +0x4b8
2022/08/25 14:36:45 server.go:3159: http: panic serving 127.0.0.1:58493: interface conversion: error is nil, not validator.ValidationErrors
goroutine 38 [running]:
net/http.(*conn).serve.func1(0x140000c1040)
	/opt/homebrew/Cellar/go/1.17.3/libexec/src/net/http/server.go:1801 +0xdc
panic({0x1049622a0, 0x14000485800})
	/opt/homebrew/Cellar/go/1.17.3/libexec/src/runtime/panic.go:1052 +0x2ac
go-rest-api/models.UserSignupVaridation.SignupVaridator({{0x1400042f0b8, 0x4}, {0x1400042f0bc, 0x4}, {0x1400042f0c0, 0xe}, {0x1400042f0d0, 0xc}})
	/Users/sho/Coding/go/src/go-rest-api/models/auth.go:22 +0x374
go-rest-api/controllers.signupFunc({0x1049b8da0, 0x140004aa0e0}, 0x1400048c300)
	/Users/sho/Coding/go/src/go-rest-api/controllers/server.go:47 +0x200
net/http.HandlerFunc.ServeHTTP(0x1049ae3b8, {0x1049b8da0, 0x140004aa0e0}, 0x1400048c300)
	/opt/homebrew/Cellar/go/1.17.3/libexec/src/net/http/server.go:2046 +0x40
github.com/gorilla/mux.(*Router).ServeHTTP(0x140004a4000, {0x1049b8da0, 0x140004aa0e0}, 0x1400048c100)
	/Users/sho/go/pkg/mod/github.com/gorilla/mux@v1.8.0/mux.go:210 +0x1e4
net/http.serverHandler.ServeHTTP({0x140004aa000}, {0x1049b8da0, 0x140004aa0e0}, 0x1400048c100)
	/opt/homebrew/Cellar/go/1.17.3/libexec/src/net/http/server.go:2878 +0x444
net/http.(*conn).serve(0x140000c1040, {0x1049bafc0, 0x140004852c0})
	/opt/homebrew/Cellar/go/1.17.3/libexec/src/net/http/server.go:1929 +0xb6c
created by net/http.(*Server).Serve
	/opt/homebrew/Cellar/go/1.17.3/libexec/src/net/http/server.go:3033 +0x4b8
2022/08/25 14:37:29 server.go:3159: http: panic serving 127.0.0.1:58505: runtime error: invalid memory address or nil pointer dereference
goroutine 38 [running]:
net/http.(*conn).serve.func1(0x14000468be0)
	/opt/homebrew/Cellar/go/1.17.3/libexec/src/net/http/server.go:1801 +0xdc
panic({0x104d22ee0, 0x104fd3790})
	/opt/homebrew/Cellar/go/1.17.3/libexec/src/runtime/panic.go:1052 +0x2ac
github.com/jinzhu/gorm.(*DB).clone(0x0)
	/Users/sho/go/pkg/mod/github.com/jinzhu/gorm@v1.9.16/main.go:853 +0x20
github.com/jinzhu/gorm.(*DB).NewScope(0x0, {0x104cf9d80, 0x140000b81f0})
	/Users/sho/go/pkg/mod/github.com/jinzhu/gorm@v1.9.16/main.go:204 +0x28
github.com/jinzhu/gorm.(*DB).Create(0x0, {0x104cf9d80, 0x140000b81f0})
	/Users/sho/go/pkg/mod/github.com/jinzhu/gorm@v1.9.16/main.go:482 +0x38
go-rest-api/models.(*User).CreateUser(0x14000489600)
	/Users/sho/Coding/go/src/go-rest-api/models/users.go:15 +0xe4
go-rest-api/controllers.signupFunc({0x104d7cda0, 0x140004be0e0}, 0x1400007e300)
	/Users/sho/Coding/go/src/go-rest-api/controllers/server.go:64 +0x34c
net/http.HandlerFunc.ServeHTTP(0x104d723b8, {0x104d7cda0, 0x140004be0e0}, 0x1400007e300)
	/opt/homebrew/Cellar/go/1.17.3/libexec/src/net/http/server.go:2046 +0x40
github.com/gorilla/mux.(*Router).ServeHTTP(0x140004ba000, {0x104d7cda0, 0x140004be0e0}, 0x1400007e100)
	/Users/sho/go/pkg/mod/github.com/gorilla/mux@v1.8.0/mux.go:210 +0x1e4
net/http.serverHandler.ServeHTTP({0x140004be000}, {0x104d7cda0, 0x140004be0e0}, 0x1400007e100)
	/opt/homebrew/Cellar/go/1.17.3/libexec/src/net/http/server.go:2878 +0x444
net/http.(*conn).serve(0x14000468be0, {0x104d7ef80, 0x1400007d260})
	/opt/homebrew/Cellar/go/1.17.3/libexec/src/net/http/server.go:1929 +0xb6c
created by net/http.(*Server).Serve
	/opt/homebrew/Cellar/go/1.17.3/libexec/src/net/http/server.go:3033 +0x4b8
2022/08/25 14:42:09 server.go:3159: http: panic serving 127.0.0.1:58534: runtime error: invalid memory address or nil pointer dereference
goroutine 6 [running]:
net/http.(*conn).serve.func1(0x140004e8c80)
	/opt/homebrew/Cellar/go/1.17.3/libexec/src/net/http/server.go:1801 +0xdc
panic({0x104f1ee80, 0x1051cf790})
	/opt/homebrew/Cellar/go/1.17.3/libexec/src/runtime/panic.go:1052 +0x2ac
github.com/jinzhu/gorm.(*DB).clone(0x0)
	/Users/sho/go/pkg/mod/github.com/jinzhu/gorm@v1.9.16/main.go:853 +0x20
github.com/jinzhu/gorm.(*DB).NewScope(0x0, {0x104f15e80, 0x140004d1900})
	/Users/sho/go/pkg/mod/github.com/jinzhu/gorm@v1.9.16/main.go:204 +0x28
github.com/jinzhu/gorm.(*DB).Create(0x0, {0x104f15e80, 0x140004d1900})
	/Users/sho/go/pkg/mod/github.com/jinzhu/gorm@v1.9.16/main.go:482 +0x38
go-rest-api/models.User.CreateUser({{0x0, {0x0, 0x0, 0x0}, {0x0, 0x0, 0x0}, 0x0}, {0x14000092ca8, 0x4}, ...})
	/Users/sho/Coding/go/src/go-rest-api/models/users.go:13 +0xf4
go-rest-api/controllers.signupFunc({0x104f78d60, 0x1400009a0e0}, 0x140004d2200)
	/Users/sho/Coding/go/src/go-rest-api/controllers/server.go:64 +0x2e0
net/http.HandlerFunc.ServeHTTP(0x104f6e378, {0x104f78d60, 0x1400009a0e0}, 0x140004d2200)
	/opt/homebrew/Cellar/go/1.17.3/libexec/src/net/http/server.go:2046 +0x40
github.com/gorilla/mux.(*Router).ServeHTTP(0x14000096000, {0x104f78d60, 0x1400009a0e0}, 0x140004d2000)
	/Users/sho/go/pkg/mod/github.com/gorilla/mux@v1.8.0/mux.go:210 +0x1e4
net/http.serverHandler.ServeHTTP({0x1400009a000}, {0x104f78d60, 0x1400009a0e0}, 0x140004d2000)
	/opt/homebrew/Cellar/go/1.17.3/libexec/src/net/http/server.go:2878 +0x444
net/http.(*conn).serve(0x140004e8c80, {0x104f7af40, 0x140002896e0})
	/opt/homebrew/Cellar/go/1.17.3/libexec/src/net/http/server.go:1929 +0xb6c
created by net/http.(*Server).Serve
	/opt/homebrew/Cellar/go/1.17.3/libexec/src/net/http/server.go:3033 +0x4b8
2022/08/25 14:43:11 server.go:3159: http: panic serving 127.0.0.1:58544: runtime error: invalid memory address or nil pointer dereference
goroutine 37 [running]:
net/http.(*conn).serve.func1(0x140004eaaa0)
	/opt/homebrew/Cellar/go/1.17.3/libexec/src/net/http/server.go:1801 +0xdc
panic({0x104a7ee80, 0x104d2f790})
	/opt/homebrew/Cellar/go/1.17.3/libexec/src/runtime/panic.go:1052 +0x2ac
go-rest-api/controllers.signupFunc({0x104ad8d40, 0x140000c40e0}, 0x140004d2200)
	/Users/sho/Coding/go/src/go-rest-api/controllers/server.go:58 +0x214
net/http.HandlerFunc.ServeHTTP(0x104ace358, {0x104ad8d40, 0x140000c40e0}, 0x140004d2200)
	/opt/homebrew/Cellar/go/1.17.3/libexec/src/net/http/server.go:2046 +0x40
github.com/gorilla/mux.(*Router).ServeHTTP(0x140000c0000, {0x104ad8d40, 0x140000c40e0}, 0x140004d2000)
	/Users/sho/go/pkg/mod/github.com/gorilla/mux@v1.8.0/mux.go:210 +0x1e4
net/http.serverHandler.ServeHTTP({0x140000c4000}, {0x104ad8d40, 0x140000c40e0}, 0x140004d2000)
	/opt/homebrew/Cellar/go/1.17.3/libexec/src/net/http/server.go:2878 +0x444
net/http.(*conn).serve(0x140004eaaa0, {0x104adaf20, 0x140004b7a70})
	/opt/homebrew/Cellar/go/1.17.3/libexec/src/net/http/server.go:1929 +0xb6c
created by net/http.(*Server).Serve
	/opt/homebrew/Cellar/go/1.17.3/libexec/src/net/http/server.go:3033 +0x4b8
